<?xml version="1.0" encoding="UTF-8"?>
<!-- Generated by org.testng.reporters.JUnitReportReporter -->
<testsuite hostname="laptop" failures="0" tests="1" name="Testscripts.Image" time="5.835" errors="0" timestamp="2023-11-09T13:11:23 IST" skipped="0">
  <testcase classname="Testscripts.Image" name="image" time="5.835"/>
  <system-out/>
</testsuite> <!-- Testscripts.Image -->
