<?xml version="1.0" encoding="UTF-8"?>
<!-- Generated by org.testng.reporters.JUnitReportReporter -->
<testsuite hostname="laptop" failures="0" tests="1" name="Testscripts.JavaPr" time="0.011" errors="0" timestamp="2023-11-13T12:48:26 IST" skipped="0">
  <testcase classname="Testscripts.JavaPr" name="list" time="0.011"/>
  <system-out/>
</testsuite> <!-- Testscripts.JavaPr -->
