<?xml version="1.0" encoding="UTF-8"?>
<!-- Generated by org.testng.reporters.JUnitReportReporter -->
<testsuite hostname="laptop" failures="0" tests="2" name="Testscripts.D" time="0.013" errors="0" timestamp="2023-11-13T10:52:26 IST" skipped="0">
  <testcase classname="Testscripts.D" name="r" time="0.004"/>
  <system-out/>
  <testcase classname="Testscripts.D" name="r" time="0.009"/>
  <system-out/>
</testsuite> <!-- Testscripts.D -->
