<?xml version="1.0" encoding="UTF-8"?>
<!-- Generated by org.testng.reporters.JUnitReportReporter -->
<testsuite hostname="laptop" failures="0" tests="1" name="Testscripts.Regester" time="3.616" errors="0" timestamp="2023-11-09T12:24:25 IST" skipped="0">
  <testcase classname="Testscripts.Regester" name="register" time="3.616"/>
  <system-out/>
</testsuite> <!-- Testscripts.Regester -->
