<?xml version="1.0" encoding="UTF-8"?>
<!-- Generated by org.testng.reporters.JUnitReportReporter -->
<testsuite hostname="laptop" failures="0" tests="1" name="Testscripts.Booking" time="44.399" errors="0" timestamp="2023-11-10T18:24:11 IST" skipped="0">
  <testcase classname="Testscripts.Booking" name="r" time="44.399"/>
  <system-out/>
</testsuite> <!-- Testscripts.Booking -->
